[coderthemes.com/adminto/layouts/vertical/index.html]
[backblue.gif]
[fade.gif]
[index.html]
[coderthemes.com/adminto/layouts/vertical/assets/images/favicon.ico]
[coderthemes.com/adminto/layouts/vertical/assets/css/bootstrap.min.css]
[coderthemes.com/adminto/layouts/vertical/assets/css/app.min.css]
[coderthemes.com/adminto/layouts/vertical/assets/images/users/user-1.jpg]
[coderthemes.com/adminto/layouts/vertical/assets/css/icons.min.css]
[coderthemes.com/adminto/layouts/vertical/assets/images/users/user-4.jpg]
[coderthemes.com/adminto/layouts/vertical/assets/images/logo-dark.png]
[coderthemes.com/adminto/layouts/vertical/assets/images/logo-sm.png]
[coderthemes.com/adminto/layouts/vertical/assets/images/logo-light.png]
[coderthemes.com/adminto/layouts/vertical/layouts-horizontal.html]
[coderthemes.com/adminto/layouts/vertical/layouts-sidebar-sm.html]
[coderthemes.com/adminto/layouts/vertical/layouts-dark-sidebar.html]
[coderthemes.com/adminto/layouts/vertical/layouts-dark-topbar.html]
[coderthemes.com/adminto/layouts/vertical/layouts-preloader.html]
[coderthemes.com/adminto/layouts/vertical/layouts-sidebar-collapsed.html]
[coderthemes.com/adminto/layouts/vertical/layouts-boxed.html]
[coderthemes.com/adminto/layouts/vertical/apps-chat.html]
[coderthemes.com/adminto/layouts/vertical/calendar.html]
[coderthemes.com/adminto/layouts/vertical/inbox.html]
[coderthemes.com/adminto/layouts/vertical/ui-typography.html]
[coderthemes.com/adminto/layouts/vertical/ui-buttons.html]
[coderthemes.com/adminto/layouts/vertical/ui-cards.html]
[coderthemes.com/adminto/layouts/vertical/ui-draggable-cards.html]
[coderthemes.com/adminto/layouts/vertical/ui-checkbox-radio.html]
[coderthemes.com/adminto/layouts/vertical/ui-material-icons.html]
[coderthemes.com/adminto/layouts/vertical/ui-font-awesome-icons.html]
[coderthemes.com/adminto/layouts/vertical/ui-dripicons.html]
[coderthemes.com/adminto/layouts/vertical/ui-feather-icons.html]
[coderthemes.com/adminto/layouts/vertical/ui-themify-icons.html]
[coderthemes.com/adminto/layouts/vertical/ui-modals.html]
[coderthemes.com/adminto/layouts/vertical/ui-notification.html]
[coderthemes.com/adminto/layouts/vertical/ui-range-slider.html]
[coderthemes.com/adminto/layouts/vertical/ui-components.html]
[coderthemes.com/adminto/layouts/vertical/ui-sweetalert.html]
[coderthemes.com/adminto/layouts/vertical/ui-treeview.html]
[coderthemes.com/adminto/layouts/vertical/ui-widgets.html]
[coderthemes.com/adminto/layouts/vertical/form-elements.html]
[coderthemes.com/adminto/layouts/vertical/form-advanced.html]
[coderthemes.com/adminto/layouts/vertical/form-validation.html]
[coderthemes.com/adminto/layouts/vertical/form-wizard.html]
[coderthemes.com/adminto/layouts/vertical/form-fileupload.html]
[coderthemes.com/adminto/layouts/vertical/form-quilljs.html]
[coderthemes.com/adminto/layouts/vertical/form-xeditable.html]
[coderthemes.com/adminto/layouts/vertical/tables-basic.html]
[coderthemes.com/adminto/layouts/vertical/tables-datatable.html]
[coderthemes.com/adminto/layouts/vertical/tables-responsive.html]
[coderthemes.com/adminto/layouts/vertical/tables-editable.html]
[coderthemes.com/adminto/layouts/vertical/tables-tablesaw.html]
[coderthemes.com/adminto/layouts/vertical/charts-flot.html]
[coderthemes.com/adminto/layouts/vertical/charts-morris.html]
[coderthemes.com/adminto/layouts/vertical/charts-chartist.html]
[coderthemes.com/adminto/layouts/vertical/charts-chartjs.html]
[coderthemes.com/adminto/layouts/vertical/charts-other.html]
[coderthemes.com/adminto/layouts/vertical/pages-starter.html]
[coderthemes.com/adminto/layouts/vertical/pages-login.html]
[coderthemes.com/adminto/layouts/vertical/pages-register.html]
[coderthemes.com/adminto/layouts/vertical/pages-recoverpw.html]
[coderthemes.com/adminto/layouts/vertical/pages-lock-screen.html]
[coderthemes.com/adminto/layouts/vertical/pages-confirm-mail.html]
[coderthemes.com/adminto/layouts/vertical/pages-404.html]
[coderthemes.com/adminto/layouts/vertical/pages-500.html]
[coderthemes.com/adminto/layouts/vertical/extras-projects.html]
[coderthemes.com/adminto/layouts/vertical/extras-tour.html]
[coderthemes.com/adminto/layouts/vertical/extras-taskboard.html]
[coderthemes.com/adminto/layouts/vertical/extras-taskdetail.html]
[coderthemes.com/adminto/layouts/vertical/extras-profile.html]
[coderthemes.com/adminto/layouts/vertical/extras-maps.html]
[coderthemes.com/adminto/layouts/vertical/extras-contact.html]
[coderthemes.com/adminto/layouts/vertical/extras-pricing.html]
[coderthemes.com/adminto/layouts/vertical/extras-timeline.html]
[coderthemes.com/adminto/layouts/vertical/extras-invoice.html]
[coderthemes.com/adminto/layouts/vertical/extras-faq.html]
[coderthemes.com/adminto/layouts/vertical/extras-gallery.html]
[coderthemes.com/adminto/layouts/vertical/extras-email-templates.html]
[coderthemes.com/adminto/layouts/vertical/extras-maintenance.html]
[coderthemes.com/adminto/layouts/vertical/extras-comingsoon.html]
[coderthemes.com/adminto/layouts/vertical/assets/images/users/user-3.jpg]
[coderthemes.com/adminto/layouts/vertical/assets/images/users/user-2.jpg]
[coderthemes.com/adminto/layouts/vertical/assets/images/users/user-10.jpg]
[coderthemes.com/adminto/layouts/vertical/assets/images/users/user-5.jpg]
[coderthemes.com/adminto/layouts/vertical/assets/images/layouts/light.png]
[coderthemes.com/adminto/layouts/vertical/assets/images/layouts/dark.png]
[coderthemes.com/adminto/layouts/vertical/assets/css/bootstrap-dark.min.css]
[coderthemes.com/adminto/layouts/vertical/assets/css/app-dark.min.css]
[coderthemes.com/adminto/layouts/vertical/assets/images/layouts/rtl.png]
[coderthemes.com/adminto/layouts/vertical/assets/css/app-rtl.min.css]
[coderthemes.com/adminto/layouts/vertical/assets/images/layouts/dark-rtl.png]
[coderthemes.com/adminto/layouts/vertical/assets/css/app-dark-rtl.min.css]
[coderthemes.com/adminto/layouts/vertical/assets/libs/jquery-knob/jquery.knob.min.js]
[coderthemes.com/adminto/layouts/vertical/assets/js/vendor.min.js]
[coderthemes.com/adminto/layouts/vertical/assets/libs/morris-js/morris.min.js]
[coderthemes.com/adminto/layouts/vertical/assets/js/pages/dashboard.init.js]
[coderthemes.com/adminto/layouts/vertical/assets/libs/raphael/raphael.min.js]
[coderthemes.com/adminto/layouts/vertical/index.html]
[coderthemes.com/adminto/layouts/vertical/assets/css/bootstrap.min.css]
[coderthemes.com/adminto/layouts/vertical/assets/js/app.min.js]
[coderthemes.com/adminto/layouts/vertical/assets/fonts/dripicons-v2.eot]
[coderthemes.com/adminto/layouts/vertical/assets/fonts/dripicons-v2d41d.eot]
[coderthemes.com/adminto/layouts/vertical/assets/fonts/dripicons-v2.woff]
[coderthemes.com/adminto/layouts/vertical/assets/fonts/dripicons-v2.ttf]
[coderthemes.com/adminto/layouts/vertical/assets/fonts/dripicons-v2.svg]
[coderthemes.com/adminto/layouts/vertical/assets/fonts/materialdesignicons-webfont7e1c.eot]
[coderthemes.com/adminto/layouts/vertical/assets/fonts/materialdesignicons-webfontd41d.eot]
[coderthemes.com/adminto/layouts/vertical/assets/fonts/materialdesignicons-webfont7e1c.woff2]
[coderthemes.com/adminto/layouts/vertical/assets/fonts/materialdesignicons-webfont7e1c.woff]
[coderthemes.com/adminto/layouts/vertical/assets/fonts/materialdesignicons-webfont7e1c.ttf]
[coderthemes.com/adminto/layouts/vertical/assets/fonts/feathere8ab.eot]
[coderthemes.com/adminto/layouts/vertical/assets/fonts/feathere8ab.woff]
[coderthemes.com/adminto/layouts/vertical/assets/fonts/feathere8ab.ttf]
[coderthemes.com/adminto/layouts/vertical/assets/fonts/feathere8ab.svg]
[coderthemes.com/adminto/layouts/vertical/assets/fonts/themify9f24.eot]
[coderthemes.com/adminto/layouts/vertical/assets/fonts/themifyd41d.eot]
[coderthemes.com/adminto/layouts/vertical/assets/fonts/themify9f24.woff]
[coderthemes.com/adminto/layouts/vertical/assets/fonts/themify9f24.ttf]
[coderthemes.com/adminto/layouts/vertical/assets/fonts/fa-brands-400.eot]
[coderthemes.com/adminto/layouts/vertical/assets/fonts/fa-brands-400d41d.eot]
[coderthemes.com/adminto/layouts/vertical/assets/fonts/themify9f24.svg]
[coderthemes.com/adminto/layouts/vertical/assets/fonts/fa-brands-400.woff2]
[coderthemes.com/adminto/layouts/vertical/assets/fonts/fa-brands-400.woff]
[coderthemes.com/adminto/layouts/vertical/assets/fonts/fa-brands-400.ttf]
[coderthemes.com/adminto/layouts/vertical/assets/fonts/fa-regular-400.eot]
[coderthemes.com/adminto/layouts/vertical/assets/fonts/fa-regular-400d41d.eot]
[coderthemes.com/adminto/layouts/vertical/assets/fonts/fa-regular-400.woff2]
[coderthemes.com/adminto/layouts/vertical/assets/fonts/fa-regular-400.woff]
[coderthemes.com/adminto/layouts/vertical/assets/fonts/fa-regular-400.ttf]
[coderthemes.com/adminto/layouts/vertical/assets/fonts/fa-regular-400.svg]
[coderthemes.com/adminto/layouts/vertical/assets/fonts/fa-solid-900.eot]
[coderthemes.com/adminto/layouts/vertical/assets/fonts/fa-solid-900d41d.eot]
[coderthemes.com/adminto/layouts/vertical/assets/fonts/fa-solid-900.woff2]
[coderthemes.com/adminto/layouts/vertical/assets/fonts/fa-brands-400.svg]
[coderthemes.com/adminto/layouts/vertical/assets/fonts/fa-solid-900.woff]
[coderthemes.com/adminto/layouts/vertical/assets/fonts/fa-solid-900.ttf]
[coderthemes.com/adminto/layouts/vertical/assets/css/icons.min.css]
[coderthemes.com/adminto/layouts/vertical/assets/images/multiple-arrow.png]
[coderthemes.com/adminto/layouts/vertical/assets/fonts/dropify.eot]
[coderthemes.com/adminto/layouts/vertical/assets/fonts/dropify.woff]
[coderthemes.com/adminto/layouts/vertical/assets/fonts/dropify.ttf]
[coderthemes.com/adminto/layouts/vertical/assets/fonts/dropify.svg]
[coderthemes.com/adminto/layouts/vertical/assets/images/clear.png]
[coderthemes.com/adminto/layouts/vertical/assets/images/loading.gif]
[coderthemes.com/adminto/layouts/vertical/assets/fonts/summernote.eot]
[coderthemes.com/adminto/layouts/vertical/assets/fonts/summernoted41d.eot]
[coderthemes.com/adminto/layouts/vertical/assets/fonts/summernoted41d.woff]
[coderthemes.com/adminto/layouts/vertical/assets/fonts/summernoted41d.ttf]
[coderthemes.com/adminto/layouts/vertical/assets/css/app.min.css]
[coderthemes.com/adminto/layouts/vertical/assets/images/jstree.png]
[coderthemes.com/adminto/layouts/vertical/layouts-horizontal.html]
[coderthemes.com/adminto/layouts/vertical/layouts-sidebar-sm.html]
[coderthemes.com/adminto/layouts/vertical/layouts-dark-sidebar.html]
[coderthemes.com/adminto/layouts/vertical/layouts-dark-topbar.html]
[coderthemes.com/adminto/layouts/vertical/layouts-preloader.html]
[coderthemes.com/adminto/layouts/vertical/layouts-sidebar-collapsed.html]
[coderthemes.com/adminto/layouts/vertical/layouts-boxed.html]
[coderthemes.com/adminto/layouts/vertical/assets/images/users/user-6.jpg]
[coderthemes.com/adminto/layouts/vertical/assets/images/users/user-7.jpg]
[coderthemes.com/adminto/layouts/vertical/apps-chat.html]
[coderthemes.com/adminto/layouts/vertical/assets/fonts/fa-solid-900.svg]
[coderthemes.com/adminto/layouts/vertical/assets/libs/fullcalendar/fullcalendar.min.css]
[coderthemes.com/adminto/layouts/vertical/calendar.html]
[coderthemes.com/adminto/layouts/vertical/assets/libs/moment/moment.js]
[coderthemes.com/adminto/layouts/vertical/assets/js/pages/fullcalendar.init.js]
[coderthemes.com/adminto/layouts/vertical/assets/libs/fullcalendar/fullcalendar.min.js]
[coderthemes.com/adminto/layouts/vertical/assets/libs/jquery-ui/jquery-ui.min.js]
[coderthemes.com/adminto/layouts/vertical/assets/libs/quill/quill.core.css]
[coderthemes.com/adminto/layouts/vertical/assets/libs/quill/quill.bubble.css]
[coderthemes.com/adminto/layouts/vertical/assets/libs/custombox/custombox.min.css]
[coderthemes.com/adminto/layouts/vertical/assets/libs/katex/katex.min.js]
[coderthemes.com/adminto/layouts/vertical/assets/libs/quill/quill.min.js]
[coderthemes.com/adminto/layouts/vertical/assets/libs/custombox/custombox.min.js]
[coderthemes.com/adminto/layouts/vertical/inbox.html]
[coderthemes.com/adminto/layouts/vertical/ui-typography.html]
[coderthemes.com/adminto/layouts/vertical/ui-buttons.html]
[coderthemes.com/adminto/layouts/vertical/assets/js/pages/inbox.init.js]
[coderthemes.com/adminto/layouts/vertical/assets/images/gallery/1.jpg]
[coderthemes.com/adminto/layouts/vertical/assets/images/gallery/2.jpg]
[coderthemes.com/adminto/layouts/vertical/assets/images/gallery/3.jpg]
[coderthemes.com/adminto/layouts/vertical/assets/images/gallery/4.jpg]
[coderthemes.com/adminto/layouts/vertical/assets/images/gallery/5.jpg]
[coderthemes.com/adminto/layouts/vertical/assets/images/gallery/7.jpg]
[coderthemes.com/adminto/layouts/vertical/assets/images/gallery/6.jpg]
[coderthemes.com/adminto/layouts/vertical/assets/images/gallery/8.jpg]
[coderthemes.com/adminto/layouts/vertical/assets/images/gallery/9.jpg]
[coderthemes.com/adminto/layouts/vertical/assets/images/gallery/10.jpg]
[coderthemes.com/adminto/layouts/vertical/assets/images/gallery/11.jpg]
[coderthemes.com/adminto/layouts/vertical/assets/images/gallery/12.jpg]
[coderthemes.com/adminto/layouts/vertical/ui-cards.html]
[coderthemes.com/adminto/layouts/vertical/ui-draggable-cards.html]
[coderthemes.com/adminto/layouts/vertical/ui-checkbox-radio.html]
[coderthemes.com/adminto/layouts/vertical/ui-material-icons.html]
[coderthemes.com/adminto/layouts/vertical/ui-font-awesome-icons.html]
[coderthemes.com/adminto/layouts/vertical/ui-dripicons.html]
[coderthemes.com/adminto/layouts/vertical/ui-feather-icons.html]
[coderthemes.com/adminto/layouts/vertical/ui-themify-icons.html]
[coderthemes.com/adminto/layouts/vertical/ui-modals.html]
[coderthemes.com/adminto/layouts/vertical/assets/js/pages/materialdesign.init.js]
[coderthemes.com/adminto/layouts/vertical/assets/libs/toastr/toastr.min.css]
[coderthemes.com/adminto/layouts/vertical/assets/js/pages/fontawesome.init.js]
[coderthemes.com/adminto/layouts/vertical/assets/libs/toastr/toastr.min.js]
[coderthemes.com/adminto/layouts/vertical/ui-notification.html]
[coderthemes.com/adminto/layouts/vertical/assets/js/pages/toastr.init.js]
[coderthemes.com/adminto/layouts/vertical/assets/libs/ion-rangeslider/ion.rangeSlider.css]
[coderthemes.com/adminto/layouts/vertical/assets/libs/ion-rangeslider/ion.rangeSlider.min.js]
[coderthemes.com/adminto/layouts/vertical/ui-range-slider.html]
[coderthemes.com/adminto/layouts/vertical/ui-components.html]
[coderthemes.com/adminto/layouts/vertical/assets/js/pages/range-sliders.init.js]
[coderthemes.com/adminto/layouts/vertical/assets/libs/sweetalert2/sweetalert2.min.css]
[coderthemes.com/adminto/layouts/vertical/assets/libs/sweetalert2/sweetalert2.min.js]
[coderthemes.com/adminto/layouts/vertical/ui-sweetalert.html]
[coderthemes.com/adminto/layouts/vertical/assets/js/pages/sweet-alerts.init.js]
[coderthemes.com/adminto/layouts/vertical/assets/libs/treeview/style.css]
[coderthemes.com/adminto/layouts/vertical/assets/libs/treeview/jstree.min.js]
[coderthemes.com/adminto/layouts/vertical/ui-treeview.html]
[coderthemes.com/adminto/layouts/vertical/assets/js/pages/treeview.init.js]
[coderthemes.com/adminto/layouts/vertical/assets/images/users/user-9.jpg]
[coderthemes.com/adminto/layouts/vertical/ui-widgets.html]
[coderthemes.com/adminto/layouts/vertical/form-elements.html]
[coderthemes.com/adminto/layouts/vertical/assets/libs/bootstrap-tagsinput/bootstrap-tagsinput.css]
[coderthemes.com/adminto/layouts/vertical/assets/libs/switchery/switchery.min.css]
[coderthemes.com/adminto/layouts/vertical/assets/libs/multiselect/multi-select.css]
[coderthemes.com/adminto/layouts/vertical/assets/libs/select2/select2.min.css]
[coderthemes.com/adminto/layouts/vertical/assets/libs/bootstrap-touchspin/jquery.bootstrap-touchspin.min.css]
[coderthemes.com/adminto/layouts/vertical/assets/libs/bootstrap-timepicker/bootstrap-timepicker.min.css]
[coderthemes.com/adminto/layouts/vertical/assets/libs/bootstrap-colorpicker/bootstrap-colorpicker.min.css]
[coderthemes.com/adminto/layouts/vertical/assets/libs/bootstrap-datepicker/bootstrap-datepicker.css]
[coderthemes.com/adminto/layouts/vertical/assets/libs/bootstrap-daterangepicker/daterangepicker.css]
[coderthemes.com/adminto/layouts/vertical/assets/libs/bootstrap-tagsinput/bootstrap-tagsinput.min.js]
[coderthemes.com/adminto/layouts/vertical/assets/libs/switchery/switchery.min.js]
[coderthemes.com/adminto/layouts/vertical/assets/libs/multiselect/jquery.multi-select.js]
[coderthemes.com/adminto/layouts/vertical/assets/libs/jquery-quicksearch/jquery.quicksearch.min.js]
[coderthemes.com/adminto/layouts/vertical/assets/libs/select2/select2.min.js]
[coderthemes.com/adminto/layouts/vertical/assets/libs/bootstrap-touchspin/jquery.bootstrap-touchspin.min.js]
[coderthemes.com/adminto/layouts/vertical/assets/libs/jquery-mask-plugin/jquery.mask.min.js]
[coderthemes.com/adminto/layouts/vertical/assets/libs/bootstrap-timepicker/bootstrap-timepicker.min.js]
[coderthemes.com/adminto/layouts/vertical/assets/libs/bootstrap-colorpicker/bootstrap-colorpicker.min.js]
[coderthemes.com/adminto/layouts/vertical/assets/libs/bootstrap-datepicker/bootstrap-datepicker.min.js]
[coderthemes.com/adminto/layouts/vertical/assets/libs/bootstrap-daterangepicker/daterangepicker.js]
[coderthemes.com/adminto/layouts/vertical/assets/libs/bootstrap-maxlength/bootstrap-maxlength.min.js]
[coderthemes.com/adminto/layouts/vertical/form-advanced.html]
[coderthemes.com/adminto/layouts/vertical/assets/js/pages/form-advanced.init.js]
[coderthemes.com/adminto/layouts/vertical/assets/libs/parsleyjs/parsley.min.js]
[coderthemes.com/adminto/layouts/vertical/form-validation.html]
[coderthemes.com/adminto/layouts/vertical/assets/libs/twitter-bootstrap-wizard/jquery.bootstrap.wizard.min.js]
[coderthemes.com/adminto/layouts/vertical/form-wizard.html]
[coderthemes.com/adminto/layouts/vertical/assets/js/pages/form-wizard.init.js]
[coderthemes.com/adminto/layouts/vertical/assets/libs/dropify/dropify.min.css]
[coderthemes.com/adminto/layouts/vertical/assets/libs/dropify/dropify.min.js]
[coderthemes.com/adminto/layouts/vertical/form-fileupload.html]
[coderthemes.com/adminto/layouts/vertical/assets/libs/quill/quill.snow.css]
[coderthemes.com/adminto/layouts/vertical/form-quilljs.html]
[coderthemes.com/adminto/layouts/vertical/assets/js/pages/form-editor.init.js]
[coderthemes.com/adminto/layouts/vertical/assets/libs/x-editable/bootstrap-editable.css]
[coderthemes.com/adminto/layouts/vertical/assets/libs/x-editable/bootstrap-editable.min.js]
[coderthemes.com/adminto/layouts/vertical/form-xeditable.html]
[coderthemes.com/adminto/layouts/vertical/tables-basic.html]
[coderthemes.com/adminto/layouts/vertical/assets/js/pages/form-xeditable.init.js]
[coderthemes.com/adminto/layouts/vertical/assets/libs/datatables/dataTables.bootstrap4.css]
[coderthemes.com/adminto/layouts/vertical/assets/libs/datatables/responsive.bootstrap4.css]
[coderthemes.com/adminto/layouts/vertical/assets/libs/datatables/buttons.bootstrap4.css]
[coderthemes.com/adminto/layouts/vertical/assets/libs/datatables/select.bootstrap4.css]
[coderthemes.com/adminto/layouts/vertical/assets/libs/datatables/jquery.dataTables.min.js]
[coderthemes.com/adminto/layouts/vertical/assets/libs/datatables/dataTables.bootstrap4.js]
[coderthemes.com/adminto/layouts/vertical/assets/libs/datatables/dataTables.responsive.min.js]
[coderthemes.com/adminto/layouts/vertical/assets/libs/datatables/responsive.bootstrap4.min.js]
[coderthemes.com/adminto/layouts/vertical/assets/libs/datatables/dataTables.buttons.min.js]
[coderthemes.com/adminto/layouts/vertical/assets/libs/datatables/buttons.bootstrap4.min.js]
[coderthemes.com/adminto/layouts/vertical/assets/libs/datatables/buttons.html5.min.js]
[coderthemes.com/adminto/layouts/vertical/assets/libs/datatables/buttons.flash.min.js]
[coderthemes.com/adminto/layouts/vertical/assets/libs/datatables/buttons.print.min.js]
[coderthemes.com/adminto/layouts/vertical/assets/libs/datatables/dataTables.keyTable.min.js]
[coderthemes.com/adminto/layouts/vertical/assets/libs/datatables/dataTables.select.min.js]
[coderthemes.com/adminto/layouts/vertical/tables-datatable.html]
[coderthemes.com/adminto/layouts/vertical/assets/js/pages/datatables.init.js]
[coderthemes.com/adminto/layouts/vertical/assets/libs/rwd-table/rwd-table.min.css]
[coderthemes.com/adminto/layouts/vertical/assets/libs/rwd-table/rwd-table.min.js]
[coderthemes.com/adminto/layouts/vertical/tables-responsive.html]
[coderthemes.com/adminto/layouts/vertical/assets/js/pages/responsive-table.init.js]
[coderthemes.com/adminto/layouts/vertical/assets/libs/jquery-tabledit/jquery.tabledit.min.js]
[coderthemes.com/adminto/layouts/vertical/tables-editable.html]
[coderthemes.com/adminto/layouts/vertical/assets/js/pages/tabledit.init.js]
[coderthemes.com/adminto/layouts/vertical/assets/libs/tablesaw/tablesaw.css]
[coderthemes.com/adminto/layouts/vertical/assets/libs/tablesaw/tablesaw.js]
[coderthemes.com/adminto/layouts/vertical/tables-tablesaw.html]
[coderthemes.com/adminto/layouts/vertical/assets/libs/flot-charts/jquery.flot.time.js]
[coderthemes.com/adminto/layouts/vertical/assets/libs/flot-charts/jquery.flot.js]
[coderthemes.com/adminto/layouts/vertical/assets/libs/flot-charts/jquery.flot.tooltip.min.js]
[coderthemes.com/adminto/layouts/vertical/assets/libs/flot-charts/jquery.flot.resize.js]
[coderthemes.com/adminto/layouts/vertical/assets/libs/flot-charts/jquery.flot.pie.js]
[coderthemes.com/adminto/layouts/vertical/assets/libs/flot-charts/jquery.flot.selection.js]
[coderthemes.com/adminto/layouts/vertical/assets/libs/flot-charts/jquery.flot.stack.js]
[coderthemes.com/adminto/layouts/vertical/assets/libs/flot-charts/jquery.flot.orderBars.js]
[coderthemes.com/adminto/layouts/vertical/assets/libs/flot-charts/jquery.flot.crosshair.js]
[coderthemes.com/adminto/layouts/vertical/charts-flot.html]
[coderthemes.com/adminto/layouts/vertical/assets/js/pages/flot.init.js]
[coderthemes.com/adminto/layouts/vertical/charts-morris.html]
[coderthemes.com/adminto/layouts/vertical/assets/js/pages/morris.init.js]
[coderthemes.com/adminto/layouts/vertical/assets/libs/chartist/chartist.min.css]
[coderthemes.com/adminto/layouts/vertical/assets/libs/chartist/chartist.min.js]
[coderthemes.com/adminto/layouts/vertical/assets/libs/chartist/chartist-plugin-tooltip.min.js]
[coderthemes.com/adminto/layouts/vertical/charts-chartist.html]
[coderthemes.com/adminto/layouts/vertical/assets/js/pages/chartist.init.js]
[coderthemes.com/adminto/layouts/vertical/assets/libs/pdfmake/vfs_fonts.js]
[coderthemes.com/adminto/layouts/vertical/charts-chartjs.html]
[coderthemes.com/adminto/layouts/vertical/assets/js/pages/chartjs.init.js]
[coderthemes.com/adminto/layouts/vertical/assets/libs/chart-js/Chart.bundle.min.js]
[coderthemes.com/adminto/layouts/vertical/assets/libs/pdfmake/pdfmake.min.js]
[coderthemes.com/adminto/layouts/vertical/assets/libs/jquery-sparkline/jquery.sparkline.min.js]
[coderthemes.com/adminto/layouts/vertical/assets/js/pages/charts-other.init.js]
[coderthemes.com/adminto/layouts/vertical/charts-other.html]
[coderthemes.com/adminto/layouts/vertical/pages-starter.html]
[coderthemes.com/adminto/layouts/vertical/pages-login.html]
[coderthemes.com/adminto/layouts/vertical/pages-register.html]
[coderthemes.com/adminto/layouts/vertical/pages-recoverpw.html]
[coderthemes.com/adminto/layouts/vertical/pages-lock-screen.html]
[coderthemes.com/adminto/layouts/vertical/assets/libs/peity/jquery.peity.min.js]
[coderthemes.com/adminto/layouts/vertical/assets/images/mail_confirm.png]
[coderthemes.com/adminto/layouts/vertical/pages-confirm-mail.html]
[coderthemes.com/adminto/layouts/vertical/pages-404.html]
[coderthemes.com/adminto/layouts/vertical/pages-500.html]
[coderthemes.com/adminto/layouts/vertical/assets/images/users/user-8.jpg]
[coderthemes.com/adminto/layouts/vertical/assets/images/users/user-11.jpg]
[coderthemes.com/adminto/layouts/vertical/extras-projects.html]
[coderthemes.com/adminto/layouts/vertical/assets/libs/hopscotch/hopscotch.min.css]
[coderthemes.com/adminto/layouts/vertical/assets/libs/hopscotch/hopscotch.min.js]
[coderthemes.com/adminto/layouts/vertical/extras-tour.html]
[coderthemes.com/adminto/layouts/vertical/assets/js/pages/tour.init.js]
[coderthemes.com/adminto/layouts/vertical/extras-taskboard.html]
[coderthemes.com/adminto/layouts/vertical/assets/js/pages/kanban.init.js]
[coderthemes.com/adminto/layouts/vertical/assets/images/attached-files/img-1.jpg]
[coderthemes.com/adminto/layouts/vertical/assets/images/attached-files/img-2.jpg]
[coderthemes.com/adminto/layouts/vertical/assets/images/attached-files/img-3.jpg]
[coderthemes.com/adminto/layouts/vertical/extras-taskdetail.html]
[coderthemes.com/adminto/layouts/vertical/assets/images/profile.jpg]
[coderthemes.com/adminto/layouts/vertical/assets/images/small/img-1.jpg]
[coderthemes.com/adminto/layouts/vertical/assets/images/small/img-2.jpg]
[coderthemes.com/adminto/layouts/vertical/assets/images/small/img-3.jpg]
[coderthemes.com/adminto/layouts/vertical/extras-profile.html]
[coderthemes.com/adminto/layouts/vertical/assets/libs/jquery-vectormap/jquery-jvectormap-1.2.2.css]
[coderthemes.com/adminto/layouts/vertical/assets/libs/gmaps/gmaps.min.js]
[coderthemes.com/adminto/layouts/vertical/assets/js/pages/google-maps.init.js]
[coderthemes.com/adminto/layouts/vertical/assets/libs/jquery-vectormap/jquery-jvectormap-1.2.2.min.js]
[coderthemes.com/adminto/layouts/vertical/assets/libs/jquery-vectormap/jquery-jvectormap-world-mill-en.js]
[coderthemes.com/adminto/layouts/vertical/assets/libs/jquery-vectormap/jquery-jvectormap-au-mill-en.js]
[coderthemes.com/adminto/layouts/vertical/assets/libs/jquery-vectormap/jquery-jvectormap-us-merc-en.js]
[coderthemes.com/adminto/layouts/vertical/assets/libs/jquery-vectormap/jquery-jvectormap-uk-mill-en.js]
[coderthemes.com/adminto/layouts/vertical/extras-maps.html]
[coderthemes.com/adminto/layouts/vertical/extras-contact.html]
[coderthemes.com/adminto/layouts/vertical/extras-pricing.html]
[coderthemes.com/adminto/layouts/vertical/extras-timeline.html]
[coderthemes.com/adminto/layouts/vertical/extras-invoice.html]
[coderthemes.com/adminto/layouts/vertical/extras-faq.html]
[coderthemes.com/adminto/layouts/vertical/assets/js/pages/jvectormap.init.js]
[coderthemes.com/adminto/layouts/vertical/assets/libs/jquery-vectormap/jquery-jvectormap-ca-lcc-en.js]
[coderthemes.com/adminto/layouts/vertical/assets/libs/magnific-popup/magnific-popup.css]
[coderthemes.com/adminto/layouts/vertical/assets/libs/isotope/isotope.pkgd.min.js]
[coderthemes.com/adminto/layouts/vertical/assets/libs/magnific-popup/jquery.magnific-popup.min.js]
[coderthemes.com/adminto/layouts/vertical/extras-gallery.html]
[coderthemes.com/adminto/layouts/vertical/assets/js/pages/gallery.init.js]
[coderthemes.com/adminto/layouts/vertical/email-templates-action.html]
[coderthemes.com/adminto/layouts/vertical/assets/images/email/1.png]
[coderthemes.com/adminto/layouts/vertical/email-templates-alert.html]
[coderthemes.com/adminto/layouts/vertical/assets/images/email/2.png]
[coderthemes.com/adminto/layouts/vertical/email-templates-billing.html]
[coderthemes.com/adminto/layouts/vertical/assets/images/email/3.png]
[coderthemes.com/adminto/layouts/vertical/extras-email-templates.html]
[coderthemes.com/adminto/layouts/vertical/extras-maintenance.html]
[coderthemes.com/adminto/layouts/vertical/assets/libs/jquery-countdown/jquery.countdown.min.js]
[coderthemes.com/adminto/layouts/vertical/extras-comingsoon.html]
[coderthemes.com/adminto/layouts/vertical/assets/css/bootstrap-dark.min.css]
[coderthemes.com/adminto/layouts/vertical/assets/css/app-dark.min.css]
[coderthemes.com/adminto/layouts/vertical/assets/css/app-rtl.min.css]
[coderthemes.com/adminto/layouts/vertical/assets/css/app-dark-rtl.min.css]
[coderthemes.com/adminto/layouts/vertical/assets/js/vendor.min.js]
[coderthemes.com/adminto/layouts/vertical/assets/libs/jquery-knob/jquery.knob.min.js]
[coderthemes.com/adminto/layouts/vertical/assets/libs/morris-js/morris.min.js]
[coderthemes.com/adminto/layouts/vertical/assets/libs/raphael/raphael.min.js]
[coderthemes.com/adminto/layouts/vertical/assets/js/pages/dashboard.init.js]
[coderthemes.com/adminto/layouts/vertical/assets/js/app.min.js]
[coderthemes.com/adminto/layouts/vertical/assets/fonts/dripicons-v2.svg]
[coderthemes.com/adminto/layouts/vertical/assets/fonts/feathere8ab.svg]
[coderthemes.com/adminto/layouts/vertical/assets/fonts/themify9f24.svg]
[coderthemes.com/adminto/layouts/vertical/assets/fonts/fa-brands-400.svg]
[coderthemes.com/adminto/layouts/vertical/assets/fonts/fa-regular-400.svg]
[coderthemes.com/adminto/layouts/vertical/assets/js/pages/countdown.init.js]
[coderthemes.com/adminto/layouts/vertical/assets/fonts/fa-solid-900.svg]
[coderthemes.com/adminto/layouts/vertical/assets/fonts/dropify.svg]
[coderthemes.com/adminto/layouts/vertical/assets/libs/fullcalendar/fullcalendar.min.css]
[coderthemes.com/adminto/layouts/vertical/assets/libs/moment/moment.js]
[coderthemes.com/adminto/layouts/vertical/assets/libs/jquery-ui/jquery-ui.min.js]
[coderthemes.com/adminto/layouts/vertical/assets/libs/fullcalendar/fullcalendar.min.js]
[coderthemes.com/adminto/layouts/vertical/assets/js/pages/fullcalendar.init.js]
[coderthemes.com/adminto/layouts/vertical/assets/libs/quill/quill.core.css]
[coderthemes.com/adminto/layouts/vertical/assets/libs/quill/quill.bubble.css]
[coderthemes.com/adminto/layouts/vertical/assets/libs/custombox/custombox.min.css]
[coderthemes.com/adminto/layouts/vertical/assets/libs/katex/katex.min.js]
[coderthemes.com/adminto/layouts/vertical/assets/libs/quill/quill.min.js]
[coderthemes.com/adminto/layouts/vertical/assets/libs/custombox/custombox.min.js]
[coderthemes.com/adminto/layouts/vertical/assets/js/pages/inbox.init.js]
[coderthemes.com/adminto/layouts/vertical/assets/js/pages/draggable.init.js]
[coderthemes.com/adminto/layouts/vertical/assets/js/pages/materialdesign.init.js]
[coderthemes.com/adminto/layouts/vertical/assets/js/pages/fontawesome.init.js]
[coderthemes.com/adminto/layouts/vertical/assets/libs/toastr/toastr.min.css]
[coderthemes.com/adminto/layouts/vertical/assets/libs/toastr/toastr.min.js]
[coderthemes.com/adminto/layouts/vertical/assets/js/pages/toastr.init.js]
[coderthemes.com/adminto/layouts/vertical/assets/libs/ion-rangeslider/ion.rangeSlider.css]
[coderthemes.com/adminto/layouts/vertical/assets/libs/ion-rangeslider/ion.rangeSlider.min.js]
[coderthemes.com/adminto/layouts/vertical/assets/js/pages/range-sliders.init.js]
[coderthemes.com/adminto/layouts/vertical/assets/libs/sweetalert2/sweetalert2.min.css]
[coderthemes.com/adminto/layouts/vertical/assets/libs/sweetalert2/sweetalert2.min.js]
[coderthemes.com/adminto/layouts/vertical/assets/js/pages/sweet-alerts.init.js]
[coderthemes.com/adminto/layouts/vertical/assets/libs/treeview/style.css]
[coderthemes.com/adminto/layouts/vertical/assets/libs/treeview/jstree.min.js]
[coderthemes.com/adminto/layouts/vertical/assets/js/pages/treeview.init.js]
[coderthemes.com/adminto/layouts/vertical/assets/libs/bootstrap-tagsinput/bootstrap-tagsinput.css]
[coderthemes.com/adminto/layouts/vertical/assets/libs/switchery/switchery.min.css]
[coderthemes.com/adminto/layouts/vertical/assets/libs/multiselect/multi-select.css]
[coderthemes.com/adminto/layouts/vertical/assets/libs/select2/select2.min.css]
[coderthemes.com/adminto/layouts/vertical/assets/libs/bootstrap-touchspin/jquery.bootstrap-touchspin.min.css]
[coderthemes.com/adminto/layouts/vertical/assets/libs/bootstrap-timepicker/bootstrap-timepicker.min.css]
[coderthemes.com/adminto/layouts/vertical/assets/libs/bootstrap-colorpicker/bootstrap-colorpicker.min.css]
[coderthemes.com/adminto/layouts/vertical/assets/libs/bootstrap-datepicker/bootstrap-datepicker.css]
[coderthemes.com/adminto/layouts/vertical/assets/libs/bootstrap-daterangepicker/daterangepicker.css]
[coderthemes.com/adminto/layouts/vertical/assets/libs/bootstrap-tagsinput/bootstrap-tagsinput.min.js]
[coderthemes.com/adminto/layouts/vertical/assets/libs/switchery/switchery.min.js]
[coderthemes.com/adminto/layouts/vertical/assets/libs/multiselect/jquery.multi-select.js]
[coderthemes.com/adminto/layouts/vertical/assets/libs/jquery-quicksearch/jquery.quicksearch.min.js]
[coderthemes.com/adminto/layouts/vertical/assets/libs/select2/select2.min.js]
[coderthemes.com/adminto/layouts/vertical/assets/libs/bootstrap-touchspin/jquery.bootstrap-touchspin.min.js]
[coderthemes.com/adminto/layouts/vertical/assets/libs/jquery-mask-plugin/jquery.mask.min.js]
[coderthemes.com/adminto/layouts/vertical/assets/libs/bootstrap-timepicker/bootstrap-timepicker.min.js]
[coderthemes.com/adminto/layouts/vertical/assets/libs/bootstrap-colorpicker/bootstrap-colorpicker.min.js]
[coderthemes.com/adminto/layouts/vertical/assets/libs/bootstrap-datepicker/bootstrap-datepicker.min.js]
[coderthemes.com/adminto/layouts/vertical/assets/libs/bootstrap-daterangepicker/daterangepicker.js]
[coderthemes.com/adminto/layouts/vertical/assets/libs/bootstrap-maxlength/bootstrap-maxlength.min.js]
[coderthemes.com/adminto/layouts/vertical/assets/js/pages/form-advanced.init.js]
[coderthemes.com/adminto/layouts/vertical/assets/libs/parsleyjs/parsley.min.js]
[coderthemes.com/adminto/layouts/vertical/assets/js/pages/form-validation.init.js]
[coderthemes.com/adminto/layouts/vertical/assets/libs/twitter-bootstrap-wizard/jquery.bootstrap.wizard.min.js]
[coderthemes.com/adminto/layouts/vertical/assets/js/pages/form-wizard.init.js]
[coderthemes.com/adminto/layouts/vertical/assets/libs/dropify/dropify.min.css]
[coderthemes.com/adminto/layouts/vertical/assets/libs/dropify/dropify.min.js]
[coderthemes.com/adminto/layouts/vertical/assets/js/pages/form-fileupload.init.js]
[coderthemes.com/adminto/layouts/vertical/assets/libs/quill/quill.snow.css]
[coderthemes.com/adminto/layouts/vertical/assets/js/pages/form-editor.init.js]
[coderthemes.com/adminto/layouts/vertical/assets/libs/x-editable/bootstrap-editable.css]
[coderthemes.com/adminto/layouts/vertical/assets/libs/x-editable/bootstrap-editable.min.js]
[coderthemes.com/adminto/layouts/vertical/assets/js/pages/form-xeditable.init.js]
[coderthemes.com/adminto/layouts/vertical/assets/libs/datatables/dataTables.bootstrap4.css]
[coderthemes.com/adminto/layouts/vertical/assets/libs/datatables/responsive.bootstrap4.css]
[coderthemes.com/adminto/layouts/vertical/assets/libs/datatables/buttons.bootstrap4.css]
[coderthemes.com/adminto/layouts/vertical/assets/libs/datatables/select.bootstrap4.css]
[coderthemes.com/adminto/layouts/vertical/assets/libs/datatables/jquery.dataTables.min.js]
[coderthemes.com/adminto/layouts/vertical/assets/libs/datatables/dataTables.bootstrap4.js]
[coderthemes.com/adminto/layouts/vertical/assets/libs/datatables/dataTables.responsive.min.js]
[coderthemes.com/adminto/layouts/vertical/assets/libs/datatables/responsive.bootstrap4.min.js]
[coderthemes.com/adminto/layouts/vertical/assets/libs/datatables/dataTables.buttons.min.js]
[coderthemes.com/adminto/layouts/vertical/assets/libs/datatables/buttons.bootstrap4.min.js]
[coderthemes.com/adminto/layouts/vertical/assets/libs/datatables/buttons.html5.min.js]
[coderthemes.com/adminto/layouts/vertical/assets/libs/datatables/buttons.flash.min.js]
[coderthemes.com/adminto/layouts/vertical/assets/libs/datatables/buttons.print.min.js]
[coderthemes.com/adminto/layouts/vertical/assets/libs/datatables/dataTables.keyTable.min.js]
[coderthemes.com/adminto/layouts/vertical/assets/libs/datatables/dataTables.select.min.js]
[coderthemes.com/adminto/layouts/vertical/assets/libs/pdfmake/pdfmake.min.js]
[coderthemes.com/adminto/layouts/vertical/assets/libs/pdfmake/vfs_fonts.js]
[coderthemes.com/adminto/layouts/vertical/assets/js/pages/datatables.init.js]
[coderthemes.com/adminto/layouts/vertical/assets/libs/rwd-table/rwd-table.min.css]
[coderthemes.com/adminto/layouts/vertical/assets/libs/rwd-table/rwd-table.min.js]
[coderthemes.com/adminto/layouts/vertical/assets/js/pages/responsive-table.init.js]
[coderthemes.com/adminto/layouts/vertical/assets/libs/jquery-tabledit/jquery.tabledit.min.js]
[coderthemes.com/adminto/layouts/vertical/assets/js/pages/tabledit.init.js]
[coderthemes.com/adminto/layouts/vertical/assets/libs/tablesaw/tablesaw.css]
[coderthemes.com/adminto/layouts/vertical/assets/libs/tablesaw/tablesaw.js]
[coderthemes.com/adminto/layouts/vertical/assets/js/pages/tablesaw.init.js]
[coderthemes.com/adminto/layouts/vertical/assets/libs/flot-charts/jquery.flot.js]
[coderthemes.com/adminto/layouts/vertical/assets/libs/flot-charts/jquery.flot.time.js]
[coderthemes.com/adminto/layouts/vertical/assets/libs/flot-charts/jquery.flot.tooltip.min.js]
[coderthemes.com/adminto/layouts/vertical/assets/libs/flot-charts/jquery.flot.resize.js]
[coderthemes.com/adminto/layouts/vertical/assets/libs/flot-charts/jquery.flot.pie.js]
[coderthemes.com/adminto/layouts/vertical/assets/libs/flot-charts/jquery.flot.selection.js]
[coderthemes.com/adminto/layouts/vertical/assets/libs/flot-charts/jquery.flot.stack.js]
[coderthemes.com/adminto/layouts/vertical/assets/libs/flot-charts/jquery.flot.orderBars.js]
[coderthemes.com/adminto/layouts/vertical/assets/libs/flot-charts/jquery.flot.crosshair.js]
[coderthemes.com/adminto/layouts/vertical/assets/js/pages/flot.init.js]
[coderthemes.com/adminto/layouts/vertical/assets/js/pages/morris.init.js]
[coderthemes.com/adminto/layouts/vertical/assets/libs/chartist/chartist.min.css]
[coderthemes.com/adminto/layouts/vertical/assets/libs/chartist/chartist.min.js]
[coderthemes.com/adminto/layouts/vertical/assets/libs/chartist/chartist-plugin-tooltip.min.js]
[coderthemes.com/adminto/layouts/vertical/assets/js/pages/chartist.init.js]
[coderthemes.com/adminto/layouts/vertical/assets/libs/chart-js/Chart.bundle.min.js]
[coderthemes.com/adminto/layouts/vertical/assets/js/pages/chartjs.init.js]
[coderthemes.com/adminto/layouts/vertical/assets/libs/jquery-sparkline/jquery.sparkline.min.js]
[coderthemes.com/adminto/layouts/vertical/assets/js/pages/charts-other.init.js]
[coderthemes.com/adminto/layouts/vertical/assets/libs/peity/jquery.peity.min.js]
[coderthemes.com/adminto/layouts/vertical/assets/libs/hopscotch/hopscotch.min.css]
[coderthemes.com/adminto/layouts/vertical/assets/libs/hopscotch/hopscotch.min.js]
[coderthemes.com/adminto/layouts/vertical/assets/js/pages/tour.init.js]
[coderthemes.com/adminto/layouts/vertical/assets/js/pages/kanban.init.js]
[coderthemes.com/adminto/layouts/vertical/assets/libs/jquery-vectormap/jquery-jvectormap-1.2.2.css]
[coderthemes.com/adminto/layouts/vertical/assets/libs/gmaps/gmaps.min.js]
[coderthemes.com/adminto/layouts/vertical/assets/js/pages/google-maps.init.js]
[coderthemes.com/adminto/layouts/vertical/assets/libs/jquery-vectormap/jquery-jvectormap-1.2.2.min.js]
[coderthemes.com/adminto/layouts/vertical/assets/libs/jquery-vectormap/jquery-jvectormap-world-mill-en.js]
[coderthemes.com/adminto/layouts/vertical/assets/libs/jquery-vectormap/jquery-jvectormap-us-merc-en.js]
[coderthemes.com/adminto/layouts/vertical/assets/libs/jquery-vectormap/jquery-jvectormap-au-mill-en.js]
[coderthemes.com/adminto/layouts/vertical/assets/libs/jquery-vectormap/jquery-jvectormap-uk-mill-en.js]
[coderthemes.com/adminto/layouts/vertical/assets/libs/jquery-vectormap/jquery-jvectormap-ca-lcc-en.js]
[coderthemes.com/adminto/layouts/vertical/assets/js/pages/jvectormap.init.js]
[coderthemes.com/adminto/layouts/vertical/assets/libs/magnific-popup/magnific-popup.css]
[coderthemes.com/adminto/layouts/vertical/assets/libs/isotope/isotope.pkgd.min.js]
[coderthemes.com/adminto/layouts/vertical/assets/libs/magnific-popup/jquery.magnific-popup.min.js]
[coderthemes.com/adminto/layouts/vertical/assets/js/pages/gallery.init.js]
[coderthemes.com/adminto/layouts/vertical/email-templates-action.html]
[coderthemes.com/adminto/layouts/vertical/email-templates-alert.html]
[coderthemes.com/adminto/layouts/vertical/email-templates-billing.html]
[coderthemes.com/adminto/layouts/vertical/assets/libs/jquery-countdown/jquery.countdown.min.js]
[coderthemes.com/adminto/layouts/vertical/assets/js/pages/countdown.init.js]
[coderthemes.com/adminto/layouts/vertical/isDSTShifted is deprecated. See http_/momentjs.com/guides/index.html]
[coderthemes.com/adminto/layouts/vertical/blots/index.html]
[coderthemes.com/adminto/layouts/vertical/formats/index.html]
[coderthemes.com/adminto/layouts/vertical/Trident/index.html]
[coderthemes.com/adminto/layouts/vertical/Edge/index.html]
[coderthemes.com/adminto/layouts/vertical/GET.html]
[coderthemes.com/adminto/layouts/vertical/assets/libs/treeview/32px.html]
[coderthemes.com/adminto/layouts/vertical/assets/libs/treeview/throbber.html]
[coderthemes.com/adminto/layouts/vertical/assets/libs/treeview/40px.html]
[coderthemes.com/adminto/layouts/vertical/assets/libs/img/switch.html]
[coderthemes.com/adminto/layouts/vertical/assets/libs/fonts/dropify.html]
[coderthemes.com/adminto/layouts/vertical/assets/libs/fonts/dropify-2.html]
[coderthemes.com/adminto/layouts/vertical/assets/libs/fonts/dropify-3.html]
[coderthemes.com/adminto/layouts/vertical/assets/libs/fonts/dropify-4.html]
[coderthemes.com/adminto/layouts/vertical/assets/libs/img/loading.html]
[coderthemes.com/adminto/layouts/vertical/assets/libs/img/clear.html]
[coderthemes.com/adminto/layouts/vertical/xl/worksheets/sheet1.html]
[coderthemes.com/adminto/layouts/vertical/xl/workbook.html]
[coderthemes.com/adminto/layouts/vertical/xl/styles.html]
[coderthemes.com/adminto/layouts/vertical/[Content_Types].html]
[coderthemes.com/adminto/layouts/vertical/buttons.html]
[coderthemes.com/adminto/layouts/vertical/ABCDEFGHIJKLMNOPQRSTUVWXYZabcdefghijklmnopqrstuvwxyz0123456789+/index.html]
[coderthemes.com/adminto/layouts/vertical/HEAD.html]
[coderthemes.com/adminto/layouts/vertical/assets/libs/img/sprite-green.html]
